[35m[1mScanning dependencies of target gamepad_controller[0m
[ 33%] Built target back_and_forth
[ 66%] Built target keyboard_control
[ 77%] [32mBuilding CXX object CMakeFiles/gamepad_controller.dir/src/gamepad_controller.cpp.o[0m
In file included from [01m[K/opt/ros/foxy/include/rclcpp/service.hpp:34[m[K,
                 from [01m[K/opt/ros/foxy/include/rclcpp/callback_group.hpp:25[m[K,
                 from [01m[K/opt/ros/foxy/include/rclcpp/any_executable.hpp:20[m[K,
                 from [01m[K/opt/ros/foxy/include/rclcpp/memory_strategy.hpp:24[m[K,
                 from [01m[K/opt/ros/foxy/include/rclcpp/memory_strategies.hpp:18[m[K,
                 from [01m[K/opt/ros/foxy/include/rclcpp/executor_options.hpp:20[m[K,
                 from [01m[K/opt/ros/foxy/include/rclcpp/executor.hpp:33[m[K,
                 from [01m[K/opt/ros/foxy/include/rclcpp/executors/multi_threaded_executor.hpp:26[m[K,
                 from [01m[K/opt/ros/foxy/include/rclcpp/executors.hpp:21[m[K,
                 from [01m[K/opt/ros/foxy/include/rclcpp/rclcpp.hpp:146[m[K,
                 from [01m[K/ws/go2_ws/src/movement/include/gamepad_controller.h:7[m[K,
                 from [01m[K/ws/go2_ws/src/movement/src/gamepad_controller.cpp:5[m[K:
[01m[K/ws/go2_ws/src/movement/src/gamepad_controller.cpp:20:5:[m[K [01;31m[Kerror: [m[Kexpected initializer before â€˜[01m[Kdo[m[Kâ€™
   20 |     [01;31m[KRCLCPP_INFO[m[K(this->get_logger(), "Gamepad input: %f, %f, %f", input.vx, input.vy, input.vyaw);
      |     [01;31m[K^~~~~~~~~~~[m[K
[01m[K/ws/go2_ws/src/movement/src/gamepad_controller.cpp:20:5:[m[K [01;31m[Kerror: [m[Kexpected unqualified-id before â€˜[01m[Kwhile[m[Kâ€™
   20 |     [01;31m[KRCLCPP_INFO[m[K(this->get_logger(), "Gamepad input: %f, %f, %f", input.vx, input.vy, input.vyaw);
      |     [01;31m[K^~~~~~~~~~~[m[K
[01m[K/ws/go2_ws/src/movement/src/gamepad_controller.cpp:21:5:[m[K [01;31m[Kerror: [m[Kâ€˜[01m[KsportClient_[m[Kâ€™ does not name a type; did you mean â€˜[01m[KSportClient[m[Kâ€™?
   21 |     [01;31m[KsportClient_[m[K.Move(reqMsg_, input.vx, input.vy, input.vyaw);
      |     [01;31m[K^~~~~~~~~~~~[m[K
      |     [32m[KSportClient[m[K
[01m[K/ws/go2_ws/src/movement/src/gamepad_controller.cpp:22:5:[m[K [01;31m[Kerror: [m[Kâ€˜[01m[KreqPuber_[m[Kâ€™ does not name a type
   22 |     [01;31m[KreqPuber_[m[K->publish(reqMsg_);
      |     [01;31m[K^~~~~~~~~[m[K
[01m[K/ws/go2_ws/src/movement/src/gamepad_controller.cpp:23:1:[m[K [01;31m[Kerror: [m[Kexpected declaration before â€˜[01m[K}[m[Kâ€™ token
   23 | [01;31m[K}[m[K
      | [01;31m[K^[m[K
make[2]: *** [CMakeFiles/gamepad_controller.dir/build.make:63: CMakeFiles/gamepad_controller.dir/src/gamepad_controller.cpp.o] Error 1
make[1]: *** [CMakeFiles/Makefile2:82: CMakeFiles/gamepad_controller.dir/all] Error 2
make: *** [Makefile:141: all] Error 2
