In file included from [01m[K/ws/go2_ws/src/movement/src/gamepad_controller.cpp:9[m[K:
[01m[K/ws/go2_ws/src/movement/include/gamepad_controller.h:22:26:[m[K [01;31m[Kerror: [m[Kâ€˜[01m[KGamepadInput[m[Kâ€™ has not been declared
   22 |     void getGamepadInput([01;31m[KGamepadInput[m[K &input);
      |                          [01;31m[K^~~~~~~~~~~~[m[K
[01m[K/ws/go2_ws/src/movement/src/gamepad_controller.cpp:11:20:[m[K [01;31m[Kerror: [m[Kredefinition of â€˜[01m[Kconst float maxSpeed[m[Kâ€™
   11 | static const float [01;31m[KmaxSpeed[m[K = 0.3;
      |                    [01;31m[K^~~~~~~~[m[K
In file included from [01m[K/ws/go2_ws/src/movement/src/gamepad_controller.cpp:9[m[K:
[01m[K/ws/go2_ws/src/movement/include/gamepad_controller.h:12:20:[m[K [01;36m[Knote: [m[Kâ€˜[01m[Kconst float maxSpeed[m[Kâ€™ previously defined here
   12 | static const float [01;36m[KmaxSpeed[m[K = 0.3;
      |                    [01;36m[K^~~~~~~~[m[K
[01m[K/ws/go2_ws/src/movement/src/gamepad_controller.cpp:13:1:[m[K [01;31m[Kerror: [m[Kâ€˜[01m[KGamepadControl[m[Kâ€™ does not name a type
   13 | [01;31m[KGamepadControl[m[K::GamepadControl() : Node("gamepad_controller"){
      | [01;31m[K^~~~~~~~~~~~~~[m[K
[01m[K/ws/go2_ws/src/movement/src/gamepad_controller.cpp:22:6:[m[K [01;31m[Kerror: [m[Kâ€˜[01m[KGamepadControl[m[Kâ€™ has not been declared
   22 | void [01;31m[KGamepadControl[m[K::timerCallback()
      |      [01;31m[K^~~~~~~~~~~~~~[m[K
[01m[K/ws/go2_ws/src/movement/src/gamepad_controller.cpp:[m[K In function â€˜[01m[Kvoid timerCallback()[m[Kâ€™:
[01m[K/ws/go2_ws/src/movement/src/gamepad_controller.cpp:24:5:[m[K [01;31m[Kerror: [m[Kâ€˜[01m[KGamepadInput[m[Kâ€™ was not declared in this scope
   24 |     [01;31m[KGamepadInput[m[K input;
      |     [01;31m[K^~~~~~~~~~~~[m[K
[01m[K/ws/go2_ws/src/movement/src/gamepad_controller.cpp:26:5:[m[K [01;31m[Kerror: [m[Kâ€˜[01m[Kinput[m[Kâ€™ was not declared in this scope
   26 |     [01;31m[Kinput[m[K = getGamepadInput();
      |     [01;31m[K^~~~~[m[K
[01m[K/ws/go2_ws/src/movement/src/gamepad_controller.cpp:26:13:[m[K [01;31m[Kerror: [m[Kâ€˜[01m[KgetGamepadInput[m[Kâ€™ was not declared in this scope
   26 |     input = [01;31m[KgetGamepadInput[m[K();
      |             [01;31m[K^~~~~~~~~~~~~~~[m[K
In file included from [01m[K/opt/ros/foxy/include/rclcpp/service.hpp:34[m[K,
                 from [01m[K/opt/ros/foxy/include/rclcpp/callback_group.hpp:25[m[K,
                 from [01m[K/opt/ros/foxy/include/rclcpp/any_executable.hpp:20[m[K,
                 from [01m[K/opt/ros/foxy/include/rclcpp/memory_strategy.hpp:24[m[K,
                 from [01m[K/opt/ros/foxy/include/rclcpp/memory_strategies.hpp:18[m[K,
                 from [01m[K/opt/ros/foxy/include/rclcpp/executor_options.hpp:20[m[K,
                 from [01m[K/opt/ros/foxy/include/rclcpp/executor.hpp:33[m[K,
                 from [01m[K/opt/ros/foxy/include/rclcpp/executors/multi_threaded_executor.hpp:26[m[K,
                 from [01m[K/opt/ros/foxy/include/rclcpp/executors.hpp:21[m[K,
                 from [01m[K/opt/ros/foxy/include/rclcpp/rclcpp.hpp:146[m[K,
                 from [01m[K/ws/go2_ws/src/movement/src/gamepad_controller.cpp:5[m[K:
[01m[K/ws/go2_ws/src/movement/src/gamepad_controller.cpp:31:17:[m[K [01;31m[Kerror: [m[Kinvalid use of â€˜[01m[Kthis[m[Kâ€™ in non-member function
   31 |     RCLCPP_INFO([01;31m[Kthis[m[K->get_logger(), "Gamepad input: %f, %f, %f", vx, vy, vyaw);
      |                 [01;31m[K^~~~[m[K
[01m[K/ws/go2_ws/src/movement/src/gamepad_controller.cpp:31:17:[m[K [01;31m[Kerror: [m[Kinvalid use of â€˜[01m[Kthis[m[Kâ€™ in non-member function
[01m[K/ws/go2_ws/src/movement/src/gamepad_controller.cpp:31:5:[m[K [01;31m[Kerror: [m[Ktemplate argument 1 is invalid
   31 |     [01;31m[KRCLCPP_INFO[m[K(this->get_logger(), "Gamepad input: %f, %f, %f", vx, vy, vyaw);
      |     [01;31m[K^~~~~~~~~~~[m[K
[01m[K/ws/go2_ws/src/movement/src/gamepad_controller.cpp:31:5:[m[K [01;31m[Kerror: [m[Ktemplate argument 1 is invalid
   31 |     [01;31m[KRCLCPP_INFO[m[K(this->get_logger(), "Gamepad input: %f, %f, %f", vx, vy, vyaw);
      |     [01;31m[K^~~~~~~~~~~[m[K
[01m[K/ws/go2_ws/src/movement/src/gamepad_controller.cpp:31:5:[m[K [01;31m[Kerror: [m[Ktemplate argument 1 is invalid
   31 |     [01;31m[KRCLCPP_INFO[m[K(this->get_logger(), "Gamepad input: %f, %f, %f", vx, vy, vyaw);
      |     [01;31m[K^~~~~~~~~~~[m[K
In file included from [01m[K/opt/ros/foxy/include/rclcpp/client.hpp:40[m[K,
                 from [01m[K/opt/ros/foxy/include/rclcpp/callback_group.hpp:23[m[K,
                 from [01m[K/opt/ros/foxy/include/rclcpp/any_executable.hpp:20[m[K,
                 from [01m[K/opt/ros/foxy/include/rclcpp/memory_strategy.hpp:24[m[K,
                 from [01m[K/opt/ros/foxy/include/rclcpp/memory_strategies.hpp:18[m[K,
                 from [01m[K/opt/ros/foxy/include/rclcpp/executor_options.hpp:20[m[K,
                 from [01m[K/opt/ros/foxy/include/rclcpp/executor.hpp:33[m[K,
                 from [01m[K/opt/ros/foxy/include/rclcpp/executors/multi_threaded_executor.hpp:26[m[K,
                 from [01m[K/opt/ros/foxy/include/rclcpp/executors.hpp:21[m[K,
                 from [01m[K/opt/ros/foxy/include/rclcpp/rclcpp.hpp:146[m[K,
                 from [01m[K/ws/go2_ws/src/movement/src/gamepad_controller.cpp:5[m[K:
[01m[K/ws/go2_ws/src/movement/src/gamepad_controller.cpp:31:17:[m[K [01;31m[Kerror: [m[Kinvalid use of â€˜[01m[Kthis[m[Kâ€™ in non-member function
   31 |     RCLCPP_INFO([01;31m[Kthis[m[K->get_logger(), "Gamepad input: %f, %f, %f", vx, vy, vyaw);
      |                 [01;31m[K^~~~[m[K
[01m[K/ws/go2_ws/src/movement/src/gamepad_controller.cpp:31:17:[m[K [01;31m[Kerror: [m[Kinvalid use of â€˜[01m[Kthis[m[Kâ€™ in non-member function
   31 |     RCLCPP_INFO([01;31m[Kthis[m[K->get_logger(), "Gamepad input: %f, %f, %f", vx, vy, vyaw);
      |                 [01;31m[K^~~~[m[K
[01m[K/ws/go2_ws/src/movement/src/gamepad_controller.cpp:32:5:[m[K [01;31m[Kerror: [m[Kâ€˜[01m[KsportClient_[m[Kâ€™ was not declared in this scope; did you mean â€˜[01m[KSportClient[m[Kâ€™?
   32 |     [01;31m[KsportClient_[m[K.Move(reqMsg_, vx, vy, vyaw);
      |     [01;31m[K^~~~~~~~~~~~[m[K
      |     [32m[KSportClient[m[K
[01m[K/ws/go2_ws/src/movement/src/gamepad_controller.cpp:32:23:[m[K [01;31m[Kerror: [m[Kâ€˜[01m[KreqMsg_[m[Kâ€™ was not declared in this scope
   32 |     sportClient_.Move([01;31m[KreqMsg_[m[K, vx, vy, vyaw);
      |                       [01;31m[K^~~~~~~[m[K
[01m[K/ws/go2_ws/src/movement/src/gamepad_controller.cpp:33:5:[m[K [01;31m[Kerror: [m[Kâ€˜[01m[KreqPuber_[m[Kâ€™ was not declared in this scope
   33 |     [01;31m[KreqPuber_[m[K->publish(reqMsg_);
      |     [01;31m[K^~~~~~~~~[m[K
[01m[K/ws/go2_ws/src/movement/src/gamepad_controller.cpp:[m[K At global scope:
[01m[K/ws/go2_ws/src/movement/src/gamepad_controller.cpp:36:6:[m[K [01;31m[Kerror: [m[Kâ€˜[01m[KGamepadControl[m[Kâ€™ has not been declared
   36 | void [01;31m[KGamepadControl[m[K::getGamepadInput(GamepadInput &input)
      |      [01;31m[K^~~~~~~~~~~~~~[m[K
[01m[K/ws/go2_ws/src/movement/src/gamepad_controller.cpp:36:38:[m[K [01;31m[Kerror: [m[Kvariable or field â€˜[01m[KgetGamepadInput[m[Kâ€™ declared void
   36 | void GamepadControl::getGamepadInput([01;31m[KGamepadInput[m[K &input)
      |                                      [01;31m[K^~~~~~~~~~~~[m[K
[01m[K/ws/go2_ws/src/movement/src/gamepad_controller.cpp:36:38:[m[K [01;31m[Kerror: [m[Kâ€˜[01m[KGamepadInput[m[Kâ€™ was not declared in this scope
[01m[K/ws/go2_ws/src/movement/src/gamepad_controller.cpp:36:52:[m[K [01;31m[Kerror: [m[Kâ€˜[01m[Kinput[m[Kâ€™ was not declared in this scope
   36 | void GamepadControl::getGamepadInput(GamepadInput &[01;31m[Kinput[m[K)
      |                                                    [01;31m[K^~~~~[m[K
[01m[K/ws/go2_ws/src/movement/src/gamepad_controller.cpp:42:6:[m[K [01;31m[Kerror: [m[Kâ€˜[01m[KGamepadControl[m[Kâ€™ has not been declared
   42 | void [01;31m[KGamepadControl[m[K::stateCallback(unitree_go::msg::SportModeState::SharedPtr data)
      |      [01;31m[K^~~~~~~~~~~~~~[m[K
[01m[K/ws/go2_ws/src/movement/src/gamepad_controller.cpp:[m[K In function â€˜[01m[Kvoid stateCallback(unitree_go::msg::SportModeState_<std::allocator<void> >::SharedPtr)[m[Kâ€™:
[01m[K/ws/go2_ws/src/movement/src/gamepad_controller.cpp:45:5:[m[K [01;31m[Kerror: [m[Kâ€˜[01m[KcurrentX_[m[Kâ€™ was not declared in this scope
   45 |     [01;31m[KcurrentX_[m[K = data->position[0];
      |     [01;31m[K^~~~~~~~~[m[K
[01m[K/ws/go2_ws/src/movement/src/gamepad_controller.cpp:46:5:[m[K [01;31m[Kerror: [m[Kâ€˜[01m[KcurrentY_[m[Kâ€™ was not declared in this scope
   46 |     [01;31m[KcurrentY_[m[K = data->position[1];
      |     [01;31m[K^~~~~~~~~[m[K
[01m[K/ws/go2_ws/src/movement/src/gamepad_controller.cpp:47:5:[m[K [01;31m[Kerror: [m[Kâ€˜[01m[KcurrentYaw_[m[Kâ€™ was not declared in this scope
   47 |     [01;31m[KcurrentYaw_[m[K = data->imu_state.rpy[2];
      |     [01;31m[K^~~~~~~~~~~[m[K
In file included from [01m[K/opt/ros/foxy/include/rclcpp/service.hpp:34[m[K,
                 from [01m[K/opt/ros/foxy/include/rclcpp/callback_group.hpp:25[m[K,
                 from [01m[K/opt/ros/foxy/include/rclcpp/any_executable.hpp:20[m[K,
                 from [01m[K/opt/ros/foxy/include/rclcpp/memory_strategy.hpp:24[m[K,
                 from [01m[K/opt/ros/foxy/include/rclcpp/memory_strategies.hpp:18[m[K,
                 from [01m[K/opt/ros/foxy/include/rclcpp/executor_options.hpp:20[m[K,
                 from [01m[K/opt/ros/foxy/include/rclcpp/executor.hpp:33[m[K,
                 from [01m[K/opt/ros/foxy/include/rclcpp/executors/multi_threaded_executor.hpp:26[m[K,
                 from [01m[K/opt/ros/foxy/include/rclcpp/executors.hpp:21[m[K,
                 from [01m[K/opt/ros/foxy/include/rclcpp/rclcpp.hpp:146[m[K,
                 from [01m[K/ws/go2_ws/src/movement/src/gamepad_controller.cpp:5[m[K:
[01m[K/ws/go2_ws/src/movement/src/gamepad_controller.cpp:48:17:[m[K [01;31m[Kerror: [m[Kâ€˜[01m[Kget_logger[m[Kâ€™ was not declared in this scope; did you mean â€˜[01m[Krclcpp::get_logger[m[Kâ€™?
   48 |     RCLCPP_INFO([01;31m[Kget_logger[m[K(), "Current position: %f, %f, %f", currentX_, currentY_, currentYaw_);
      |                 [01;31m[K^~~~~~~~~~[m[K
In file included from [01m[K/opt/ros/foxy/include/rclcpp/logging.hpp:23[m[K,
                 from [01m[K/opt/ros/foxy/include/rclcpp/service.hpp:34[m[K,
                 from [01m[K/opt/ros/foxy/include/rclcpp/callback_group.hpp:25[m[K,
                 from [01m[K/opt/ros/foxy/include/rclcpp/any_executable.hpp:20[m[K,
                 from [01m[K/opt/ros/foxy/include/rclcpp/memory_strategy.hpp:24[m[K,
                 from [01m[K/opt/ros/foxy/include/rclcpp/memory_strategies.hpp:18[m[K,
                 from [01m[K/opt/ros/foxy/include/rclcpp/executor_options.hpp:20[m[K,
                 from [01m[K/opt/ros/foxy/include/rclcpp/executor.hpp:33[m[K,
                 from [01m[K/opt/ros/foxy/include/rclcpp/executors/multi_threaded_executor.hpp:26[m[K,
                 from [01m[K/opt/ros/foxy/include/rclcpp/executors.hpp:21[m[K,
                 from [01m[K/opt/ros/foxy/include/rclcpp/rclcpp.hpp:146[m[K,
                 from [01m[K/ws/go2_ws/src/movement/src/gamepad_controller.cpp:5[m[K:
[01m[K/opt/ros/foxy/include/rclcpp/logger.hpp:80:17:[m[K [01;36m[Knote: [m[Kâ€˜[01m[Krclcpp::get_logger[m[Kâ€™ declared here
   80 |   friend Logger [01;36m[Krclcpp[m[K::get_logger(const std::string & name);
      |                 [01;36m[K^~~~~~[m[K
In file included from [01m[K/opt/ros/foxy/include/rclcpp/service.hpp:34[m[K,
                 from [01m[K/opt/ros/foxy/include/rclcpp/callback_group.hpp:25[m[K,
                 from [01m[K/opt/ros/foxy/include/rclcpp/any_executable.hpp:20[m[K,
                 from [01m[K/opt/ros/foxy/include/rclcpp/memory_strategy.hpp:24[m[K,
                 from [01m[K/opt/ros/foxy/include/rclcpp/memory_strategies.hpp:18[m[K,
                 from [01m[K/opt/ros/foxy/include/rclcpp/executor_options.hpp:20[m[K,
                 from [01m[K/opt/ros/foxy/include/rclcpp/executor.hpp:33[m[K,
                 from [01m[K/opt/ros/foxy/include/rclcpp/executors/multi_threaded_executor.hpp:26[m[K,
                 from [01m[K/opt/ros/foxy/include/rclcpp/executors.hpp:21[m[K,
                 from [01m[K/opt/ros/foxy/include/rclcpp/rclcpp.hpp:146[m[K,
                 from [01m[K/ws/go2_ws/src/movement/src/gamepad_controller.cpp:5[m[K:
[01m[K/ws/go2_ws/src/movement/src/gamepad_controller.cpp:48:5:[m[K [01;31m[Kerror: [m[Ktemplate argument 1 is invalid
   48 |     [01;31m[KRCLCPP_INFO[m[K(get_logger(), "Current position: %f, %f, %f", currentX_, currentY_, currentYaw_);
      |     [01;31m[K^~~~~~~~~~~[m[K
[01m[K/ws/go2_ws/src/movement/src/gamepad_controller.cpp:48:5:[m[K [01;31m[Kerror: [m[Ktemplate argument 1 is invalid
   48 |     [01;31m[KRCLCPP_INFO[m[K(get_logger(), "Current position: %f, %f, %f", currentX_, currentY_, currentYaw_);
      |     [01;31m[K^~~~~~~~~~~[m[K
[01m[K/ws/go2_ws/src/movement/src/gamepad_controller.cpp:48:5:[m[K [01;31m[Kerror: [m[Ktemplate argument 1 is invalid
   48 |     [01;31m[KRCLCPP_INFO[m[K(get_logger(), "Current position: %f, %f, %f", currentX_, currentY_, currentYaw_);
      |     [01;31m[K^~~~~~~~~~~[m[K
[01m[K/ws/go2_ws/src/movement/src/gamepad_controller.cpp:[m[K In function â€˜[01m[Kint main(int, char**)[m[Kâ€™:
[01m[K/ws/go2_ws/src/movement/src/gamepad_controller.cpp:54:35:[m[K [01;31m[Kerror: [m[Kâ€˜[01m[KGamepadControl[m[Kâ€™ was not declared in this scope
   54 |     rclcpp::spin(std::make_shared<[01;31m[KGamepadControl[m[K>());
      |                                   [01;31m[K^~~~~~~~~~~~~~[m[K
[01m[K/ws/go2_ws/src/movement/src/gamepad_controller.cpp:54:51:[m[K [01;31m[Kerror: [m[Kno matching function for call to â€˜[01m[Kmake_shared<<expression error> >()[m[Kâ€™
   54 |     rclcpp::spin(std::make_shared<GamepadControl>([01;31m[K)[m[K);
      |                                                   [01;31m[K^[m[K
In file included from [01m[K/usr/include/c++/9/memory:81[m[K,
                 from [01m[K/opt/ros/foxy/include/rclcpp/rclcpp.hpp:144[m[K,
                 from [01m[K/ws/go2_ws/src/movement/src/gamepad_controller.cpp:5[m[K:
[01m[K/usr/include/c++/9/bits/shared_ptr.h:714:5:[m[K [01;36m[Knote: [m[Kcandidate: â€˜[01m[Ktemplate<class _Tp, class ... _Args> std::shared_ptr<_Tp> std::make_shared(_Args&& ...)[m[Kâ€™
  714 |     [01;36m[Kmake_shared[m[K(_Args&&... __args)
      |     [01;36m[K^~~~~~~~~~~[m[K
[01m[K/usr/include/c++/9/bits/shared_ptr.h:714:5:[m[K [01;36m[Knote: [m[K  template argument deduction/substitution failed:
[01m[K/ws/go2_ws/src/movement/src/gamepad_controller.cpp:54:51:[m[K [01;31m[Kerror: [m[Ktemplate argument 1 is invalid
   54 |     rclcpp::spin(std::make_shared<GamepadControl>([01;31m[K)[m[K);
      |                                                   [01;31m[K^[m[K
make[2]: *** [CMakeFiles/gamepad_controller.dir/build.make:63: CMakeFiles/gamepad_controller.dir/src/gamepad_controller.cpp.o] Error 1
make[1]: *** [CMakeFiles/Makefile2:82: CMakeFiles/gamepad_controller.dir/all] Error 2
make: *** [Makefile:141: all] Error 2
