[0.018s] Invoking command in '/ws/go2_ws/src/build/movement': CMAKE_PREFIX_PATH=${CMAKE_PREFIX_PATH}:/opt/ros/foxy /usr/bin/cmake --build /ws/go2_ws/src/build/movement -- -j8 -l8
[0.078s] [35m[1mScanning dependencies of target gamepad_controller[0m
[0.104s] [ 66%] Built target keyboard_control
[0.105s] [ 66%] Built target back_and_forth
[0.355s] [ 77%] [32mBuilding CXX object CMakeFiles/gamepad_controller.dir/src/gamepad_controller.cpp.o[0m
[1.359s] [01m[K/ws/go2_ws/src/movement/src/gamepad_controller.cpp:19:5:[m[K [01;31m[Kerror: [m[Kexpected initializer before â€˜[01m[Kfloat[m[Kâ€™
[1.364s]    19 |     [01;31m[Kfloat[m[K vx = input.vx;
[1.364s]       |     [01;31m[K^~~~~[m[K
[1.364s] [01m[K/ws/go2_ws/src/movement/src/gamepad_controller.cpp:20:16:[m[K [01;31m[Kerror: [m[Kâ€˜[01m[Kinput[m[Kâ€™ was not declared in this scope
[1.364s]    20 |     float vy = [01;31m[Kinput[m[K.vy;
[1.365s]       |                [01;31m[K^~~~~[m[K
[1.365s] [01m[K/ws/go2_ws/src/movement/src/gamepad_controller.cpp:21:18:[m[K [01;31m[Kerror: [m[Kâ€˜[01m[Kinput[m[Kâ€™ was not declared in this scope
[1.365s]    21 |     float vyaw = [01;31m[Kinput[m[K.vyaw;
[1.365s]       |                  [01;31m[K^~~~~[m[K
[1.365s] In file included from [01m[K/opt/ros/foxy/include/rclcpp/service.hpp:34[m[K,
[1.365s]                  from [01m[K/opt/ros/foxy/include/rclcpp/callback_group.hpp:25[m[K,
[1.365s]                  from [01m[K/opt/ros/foxy/include/rclcpp/any_executable.hpp:20[m[K,
[1.366s]                  from [01m[K/opt/ros/foxy/include/rclcpp/memory_strategy.hpp:24[m[K,
[1.366s]                  from [01m[K/opt/ros/foxy/include/rclcpp/memory_strategies.hpp:18[m[K,
[1.366s]                  from [01m[K/opt/ros/foxy/include/rclcpp/executor_options.hpp:20[m[K,
[1.366s]                  from [01m[K/opt/ros/foxy/include/rclcpp/executor.hpp:33[m[K,
[1.366s]                  from [01m[K/opt/ros/foxy/include/rclcpp/executors/multi_threaded_executor.hpp:26[m[K,
[1.366s]                  from [01m[K/opt/ros/foxy/include/rclcpp/executors.hpp:21[m[K,
[1.367s]                  from [01m[K/opt/ros/foxy/include/rclcpp/rclcpp.hpp:146[m[K,
[1.367s]                  from [01m[K/ws/go2_ws/src/movement/include/gamepad_controller.h:7[m[K,
[1.367s]                  from [01m[K/ws/go2_ws/src/movement/src/gamepad_controller.cpp:5[m[K:
[1.367s] [01m[K/ws/go2_ws/src/movement/src/gamepad_controller.cpp:23:5:[m[K [01;31m[Kerror: [m[Kexpected unqualified-id before â€˜[01m[Kdo[m[Kâ€™
[1.367s]    23 |     [01;31m[KRCLCPP_INFO[m[K(this->get_logger(), "Gamepad input: %f, %f, %f", vx, vy, vyaw);
[1.367s]       |     [01;31m[K^~~~~~~~~~~[m[K
[1.367s] [01m[K/ws/go2_ws/src/movement/src/gamepad_controller.cpp:23:5:[m[K [01;31m[Kerror: [m[Kexpected unqualified-id before â€˜[01m[Kwhile[m[Kâ€™
[1.368s]    23 |     [01;31m[KRCLCPP_INFO[m[K(this->get_logger(), "Gamepad input: %f, %f, %f", vx, vy, vyaw);
[1.368s]       |     [01;31m[K^~~~~~~~~~~[m[K
[1.368s] [01m[K/ws/go2_ws/src/movement/src/gamepad_controller.cpp:24:5:[m[K [01;31m[Kerror: [m[Kâ€˜[01m[KsportClient_[m[Kâ€™ does not name a type; did you mean â€˜[01m[KSportClient[m[Kâ€™?
[1.368s]    24 |     [01;31m[KsportClient_[m[K.Move(reqMsg_, vx, vy, vyaw);
[1.368s]       |     [01;31m[K^~~~~~~~~~~~[m[K
[1.368s]       |     [32m[KSportClient[m[K
[1.368s] [01m[K/ws/go2_ws/src/movement/src/gamepad_controller.cpp:25:5:[m[K [01;31m[Kerror: [m[Kâ€˜[01m[KreqPuber_[m[Kâ€™ does not name a type
[1.369s]    25 |     [01;31m[KreqPuber_[m[K->publish(reqMsg_);
[1.370s]       |     [01;31m[K^~~~~~~~~[m[K
[1.370s] [01m[K/ws/go2_ws/src/movement/src/gamepad_controller.cpp:26:1:[m[K [01;31m[Kerror: [m[Kexpected declaration before â€˜[01m[K}[m[Kâ€™ token
[1.370s]    26 | [01;31m[K}[m[K
[1.370s]       | [01;31m[K^[m[K
[2.787s] make[2]: *** [CMakeFiles/gamepad_controller.dir/build.make:63: CMakeFiles/gamepad_controller.dir/src/gamepad_controller.cpp.o] Error 1
[2.788s] make[1]: *** [CMakeFiles/Makefile2:82: CMakeFiles/gamepad_controller.dir/all] Error 2
[2.788s] make: *** [Makefile:141: all] Error 2
[2.800s] Invoked command in '/ws/go2_ws/src/build/movement' returned '2': CMAKE_PREFIX_PATH=${CMAKE_PREFIX_PATH}:/opt/ros/foxy /usr/bin/cmake --build /ws/go2_ws/src/build/movement -- -j8 -l8
