[01m[K/home/borong/Docker_Unitree_Majoco/go2_ws/src/movement/src/gamepad_controller.cpp:[m[K In member function â€˜[01m[Kvoid GamepadControl::timerCallback()[m[Kâ€™:
[01m[K/home/borong/Docker_Unitree_Majoco/go2_ws/src/movement/src/gamepad_controller.cpp:25:9:[m[K [01;31m[Kerror: [m[Kâ€˜[01m[KvsportClient_[m[Kâ€™ was not declared in this scope; did you mean â€˜[01m[KsportClient_[m[Kâ€™?
   25 |         [01;31m[KvsportClient_[m[K.StopMove(reqMsg_);
      |         [01;31m[K^~~~~~~~~~~~~[m[K
      |         [32m[KsportClient_[m[K
make[2]: *** [CMakeFiles/gamepad_controller.dir/build.make:63: CMakeFiles/gamepad_controller.dir/src/gamepad_controller.cpp.o] Error 1
make[1]: *** [CMakeFiles/Makefile2:82: CMakeFiles/gamepad_controller.dir/all] Error 2
make: *** [Makefile:141: all] Error 2
