[0.047s] Invoking command in '/home/borong/Docker_Unitree_Majoco/go2_ws/build/movement': CMAKE_PREFIX_PATH=${CMAKE_PREFIX_PATH}:/opt/ros/foxy /usr/bin/cmake --build /home/borong/Docker_Unitree_Majoco/go2_ws/build/movement -- -j4 -l4
[0.177s] [35m[1mScanning dependencies of target gamepad_controller[0m
[0.255s] [ 33%] Built target back_and_forth
[0.331s] [ 66%] Built target keyboard_control
[0.339s] [ 77%] [32mBuilding CXX object CMakeFiles/gamepad_controller.dir/src/gamepad_controller.cpp.o[0m
[4.640s] [01m[K/home/borong/Docker_Unitree_Majoco/go2_ws/src/movement/src/gamepad_controller.cpp:[m[K In member function â€˜[01m[Kvoid GamepadControl::timerCallback()[m[Kâ€™:
[4.641s] [01m[K/home/borong/Docker_Unitree_Majoco/go2_ws/src/movement/src/gamepad_controller.cpp:25:9:[m[K [01;31m[Kerror: [m[Kâ€˜[01m[KvsportClient_[m[Kâ€™ was not declared in this scope; did you mean â€˜[01m[KsportClient_[m[Kâ€™?
[4.641s]    25 |         [01;31m[KvsportClient_[m[K.StopMove(reqMsg_);
[4.641s]       |         [01;31m[K^~~~~~~~~~~~~[m[K
[4.641s]       |         [32m[KsportClient_[m[K
[11.950s] make[2]: *** [CMakeFiles/gamepad_controller.dir/build.make:63: CMakeFiles/gamepad_controller.dir/src/gamepad_controller.cpp.o] Error 1
[11.954s] make[1]: *** [CMakeFiles/Makefile2:82: CMakeFiles/gamepad_controller.dir/all] Error 2
[11.955s] make: *** [Makefile:141: all] Error 2
[11.956s] Invoked command in '/home/borong/Docker_Unitree_Majoco/go2_ws/build/movement' returned '2': CMAKE_PREFIX_PATH=${CMAKE_PREFIX_PATH}:/opt/ros/foxy /usr/bin/cmake --build /home/borong/Docker_Unitree_Majoco/go2_ws/build/movement -- -j4 -l4
