[0.053s] Invoking command in '/ws/go2_ws/src/build/movement': CMAKE_PREFIX_PATH=${CMAKE_PREFIX_PATH}:/opt/ros/foxy /usr/bin/cmake --build /ws/go2_ws/src/build/movement -- -j8 -l8
[0.297s] [35m[1mScanning dependencies of target gamepad_controller[0m
[0.334s] [ 33%] Built target keyboard_control
[0.339s] [ 66%] Built target back_and_forth
[0.584s] [ 77%] [32mBuilding CXX object CMakeFiles/gamepad_controller.dir/src/gamepad_controller.cpp.o[0m
[2.699s] [01m[K/ws/go2_ws/src/movement/src/gamepad_controller.cpp:11:1:[m[K [01;31m[Kerror: [m[Kâ€˜[01m[KGamepadControl[m[Kâ€™ does not name a type
[2.703s]    11 | [01;31m[KGamepadControl[m[K::GamepadControl() : Node("gamepad_controller"){
[2.703s]       | [01;31m[K^~~~~~~~~~~~~~[m[K
[2.704s] [01m[K/ws/go2_ws/src/movement/src/gamepad_controller.cpp:20:6:[m[K [01;31m[Kerror: [m[Kâ€˜[01m[KGamepadControl[m[Kâ€™ has not been declared
[2.705s]    20 | void [01;31m[KGamepadControl[m[K::timerCallback()
[2.706s]       |      [01;31m[K^~~~~~~~~~~~~~[m[K
[2.708s] [01m[K/ws/go2_ws/src/movement/src/gamepad_controller.cpp:[m[K In function â€˜[01m[Kvoid timerCallback()[m[Kâ€™:
[2.710s] [01m[K/ws/go2_ws/src/movement/src/gamepad_controller.cpp:22:5:[m[K [01;31m[Kerror: [m[Kâ€˜[01m[KGamepadInput[m[Kâ€™ was not declared in this scope
[2.710s]    22 |     [01;31m[KGamepadInput[m[K input;
[2.710s]       |     [01;31m[K^~~~~~~~~~~~[m[K
[2.710s] [01m[K/ws/go2_ws/src/movement/src/gamepad_controller.cpp:24:5:[m[K [01;31m[Kerror: [m[Kâ€˜[01m[Kinput[m[Kâ€™ was not declared in this scope
[2.710s]    24 |     [01;31m[Kinput[m[K = getGamepadInput();
[2.711s]       |     [01;31m[K^~~~~[m[K
[2.711s] [01m[K/ws/go2_ws/src/movement/src/gamepad_controller.cpp:24:13:[m[K [01;31m[Kerror: [m[Kâ€˜[01m[KgetGamepadInput[m[Kâ€™ was not declared in this scope
[2.711s]    24 |     input = [01;31m[KgetGamepadInput[m[K();
[2.711s]       |             [01;31m[K^~~~~~~~~~~~~~~[m[K
[2.711s] In file included from [01m[K/opt/ros/foxy/include/rclcpp/service.hpp:34[m[K,
[2.711s]                  from [01m[K/opt/ros/foxy/include/rclcpp/callback_group.hpp:25[m[K,
[2.711s]                  from [01m[K/opt/ros/foxy/include/rclcpp/any_executable.hpp:20[m[K,
[2.711s]                  from [01m[K/opt/ros/foxy/include/rclcpp/memory_strategy.hpp:24[m[K,
[2.711s]                  from [01m[K/opt/ros/foxy/include/rclcpp/memory_strategies.hpp:18[m[K,
[2.711s]                  from [01m[K/opt/ros/foxy/include/rclcpp/executor_options.hpp:20[m[K,
[2.711s]                  from [01m[K/opt/ros/foxy/include/rclcpp/executor.hpp:33[m[K,
[2.712s]                  from [01m[K/opt/ros/foxy/include/rclcpp/executors/multi_threaded_executor.hpp:26[m[K,
[2.712s]                  from [01m[K/opt/ros/foxy/include/rclcpp/executors.hpp:21[m[K,
[2.712s]                  from [01m[K/opt/ros/foxy/include/rclcpp/rclcpp.hpp:146[m[K,
[2.714s]                  from [01m[K/ws/go2_ws/src/movement/src/gamepad_controller.cpp:5[m[K:
[2.718s] [01m[K/ws/go2_ws/src/movement/src/gamepad_controller.cpp:29:17:[m[K [01;31m[Kerror: [m[Kinvalid use of â€˜[01m[Kthis[m[Kâ€™ in non-member function
[2.718s]    29 |     RCLCPP_INFO([01;31m[Kthis[m[K->get_logger(), "Gamepad input: %f, %f, %f", vx, vy, vyaw);
[2.718s]       |                 [01;31m[K^~~~[m[K
[2.718s] [01m[K/ws/go2_ws/src/movement/src/gamepad_controller.cpp:29:17:[m[K [01;31m[Kerror: [m[Kinvalid use of â€˜[01m[Kthis[m[Kâ€™ in non-member function
[2.718s] [01m[K/ws/go2_ws/src/movement/src/gamepad_controller.cpp:29:5:[m[K [01;31m[Kerror: [m[Ktemplate argument 1 is invalid
[2.718s]    29 |     [01;31m[KRCLCPP_INFO[m[K(this->get_logger(), "Gamepad input: %f, %f, %f", vx, vy, vyaw);
[2.718s]       |     [01;31m[K^~~~~~~~~~~[m[K
[2.718s] [01m[K/ws/go2_ws/src/movement/src/gamepad_controller.cpp:29:5:[m[K [01;31m[Kerror: [m[Ktemplate argument 1 is invalid
[2.719s]    29 |     [01;31m[KRCLCPP_INFO[m[K(this->get_logger(), "Gamepad input: %f, %f, %f", vx, vy, vyaw);
[2.719s]       |     [01;31m[K^~~~~~~~~~~[m[K
[2.719s] [01m[K/ws/go2_ws/src/movement/src/gamepad_controller.cpp:29:5:[m[K [01;31m[Kerror: [m[Ktemplate argument 1 is invalid
[2.719s]    29 |     [01;31m[KRCLCPP_INFO[m[K(this->get_logger(), "Gamepad input: %f, %f, %f", vx, vy, vyaw);
[2.719s]       |     [01;31m[K^~~~~~~~~~~[m[K
[2.719s] In file included from [01m[K/opt/ros/foxy/include/rclcpp/client.hpp:40[m[K,
[2.719s]                  from [01m[K/opt/ros/foxy/include/rclcpp/callback_group.hpp:23[m[K,
[2.720s]                  from [01m[K/opt/ros/foxy/include/rclcpp/any_executable.hpp:20[m[K,
[2.720s]                  from [01m[K/opt/ros/foxy/include/rclcpp/memory_strategy.hpp:24[m[K,
[2.720s]                  from [01m[K/opt/ros/foxy/include/rclcpp/memory_strategies.hpp:18[m[K,
[2.721s]                  from [01m[K/opt/ros/foxy/include/rclcpp/executor_options.hpp:20[m[K,
[2.721s]                  from [01m[K/opt/ros/foxy/include/rclcpp/executor.hpp:33[m[K,
[2.721s]                  from [01m[K/opt/ros/foxy/include/rclcpp/executors/multi_threaded_executor.hpp:26[m[K,
[2.722s]                  from [01m[K/opt/ros/foxy/include/rclcpp/executors.hpp:21[m[K,
[2.722s]                  from [01m[K/opt/ros/foxy/include/rclcpp/rclcpp.hpp:146[m[K,
[2.722s]                  from [01m[K/ws/go2_ws/src/movement/src/gamepad_controller.cpp:5[m[K:
[2.722s] [01m[K/ws/go2_ws/src/movement/src/gamepad_controller.cpp:29:17:[m[K [01;31m[Kerror: [m[Kinvalid use of â€˜[01m[Kthis[m[Kâ€™ in non-member function
[2.722s]    29 |     RCLCPP_INFO([01;31m[Kthis[m[K->get_logger(), "Gamepad input: %f, %f, %f", vx, vy, vyaw);
[2.723s]       |                 [01;31m[K^~~~[m[K
[2.723s] [01m[K/ws/go2_ws/src/movement/src/gamepad_controller.cpp:29:17:[m[K [01;31m[Kerror: [m[Kinvalid use of â€˜[01m[Kthis[m[Kâ€™ in non-member function
[2.723s]    29 |     RCLCPP_INFO([01;31m[Kthis[m[K->get_logger(), "Gamepad input: %f, %f, %f", vx, vy, vyaw);
[2.724s]       |                 [01;31m[K^~~~[m[K
[2.724s] [01m[K/ws/go2_ws/src/movement/src/gamepad_controller.cpp:30:5:[m[K [01;31m[Kerror: [m[Kâ€˜[01m[KsportClient_[m[Kâ€™ was not declared in this scope; did you mean â€˜[01m[KSportClient[m[Kâ€™?
[2.724s]    30 |     [01;31m[KsportClient_[m[K.Move(reqMsg_, vx, vy, vyaw);
[2.724s]       |     [01;31m[K^~~~~~~~~~~~[m[K
[2.724s]       |     [32m[KSportClient[m[K
[2.725s] [01m[K/ws/go2_ws/src/movement/src/gamepad_controller.cpp:30:23:[m[K [01;31m[Kerror: [m[Kâ€˜[01m[KreqMsg_[m[Kâ€™ was not declared in this scope
[2.725s]    30 |     sportClient_.Move([01;31m[KreqMsg_[m[K, vx, vy, vyaw);
[2.725s]       |                       [01;31m[K^~~~~~~[m[K
[2.725s] [01m[K/ws/go2_ws/src/movement/src/gamepad_controller.cpp:31:5:[m[K [01;31m[Kerror: [m[Kâ€˜[01m[KreqPuber_[m[Kâ€™ was not declared in this scope
[2.725s]    31 |     [01;31m[KreqPuber_[m[K->publish(reqMsg_);
[2.725s]       |     [01;31m[K^~~~~~~~~[m[K
[2.725s] [01m[K/ws/go2_ws/src/movement/src/gamepad_controller.cpp:[m[K At global scope:
[2.726s] [01m[K/ws/go2_ws/src/movement/src/gamepad_controller.cpp:34:6:[m[K [01;31m[Kerror: [m[Kâ€˜[01m[KGamepadControl[m[Kâ€™ has not been declared
[2.726s]    34 | void [01;31m[KGamepadControl[m[K::getGamepadInput(GamepadInput &input)
[2.726s]       |      [01;31m[K^~~~~~~~~~~~~~[m[K
[2.726s] [01m[K/ws/go2_ws/src/movement/src/gamepad_controller.cpp:34:38:[m[K [01;31m[Kerror: [m[Kvariable or field â€˜[01m[KgetGamepadInput[m[Kâ€™ declared void
[2.726s]    34 | amepadControl::getGamepadInput([01;31m[KGamepadInput[m[K &input)
[2.726s]       |                                [01;31m[K^~~~~~~~~~~~[m[K
[2.727s] 
[2.727s] [01m[K/ws/go2_ws/src/movement/src/gamepad_controller.cpp:34:38:[m[K [01;31m[Kerror: [m[Kâ€˜[01m[KGamepadInput[m[Kâ€™ was not declared in this scope
[2.727s] [01m[K/ws/go2_ws/src/movement/src/gamepad_controller.cpp:34:52:[m[K [01;31m[Kerror: [m[Kâ€˜[01m[Kinput[m[Kâ€™ was not declared in this scope
[2.727s]    34 | :getGamepadInput(GamepadInput &[01;31m[Kinput[m[K)
[2.727s]       |                                [01;31m[K^~~~~[m[K
[2.727s] 
[2.728s] [01m[K/ws/go2_ws/src/movement/src/gamepad_controller.cpp:40:6:[m[K [01;31m[Kerror: [m[Kâ€˜[01m[KGamepadControl[m[Kâ€™ has not been declared
[2.728s]    40 | void [01;31m[KGamepadControl[m[K::stateCallback(unitree_go::msg::SportModeState::SharedPtr data)
[2.728s]       |      [01;31m[K^~~~~~~~~~~~~~[m[K
[2.728s] [01m[K/ws/go2_ws/src/movement/src/gamepad_controller.cpp:[m[K In function â€˜[01m[Kvoid stateCallback(unitree_go::msg::SportModeState_<std::allocator<void> >::SharedPtr)[m[Kâ€™:
[2.728s] [01m[K/ws/go2_ws/src/movement/src/gamepad_controller.cpp:43:5:[m[K [01;31m[Kerror: [m[Kâ€˜[01m[KcurrentX_[m[Kâ€™ was not declared in this scope
[2.729s]    43 |     [01;31m[KcurrentX_[m[K = data->position[0];
[2.729s]       |     [01;31m[K^~~~~~~~~[m[K
[2.729s] [01m[K/ws/go2_ws/src/movement/src/gamepad_controller.cpp:44:5:[m[K [01;31m[Kerror: [m[Kâ€˜[01m[KcurrentY_[m[Kâ€™ was not declared in this scope
[2.729s]    44 |     [01;31m[KcurrentY_[m[K = data->position[1];
[2.729s]       |     [01;31m[K^~~~~~~~~[m[K
[2.730s] [01m[K/ws/go2_ws/src/movement/src/gamepad_controller.cpp:45:5:[m[K [01;31m[Kerror: [m[Kâ€˜[01m[KcurrentYaw_[m[Kâ€™ was not declared in this scope
[2.730s]    45 |     [01;31m[KcurrentYaw_[m[K = data->imu_state.rpy[2];
[2.730s]       |     [01;31m[K^~~~~~~~~~~[m[K
[2.730s] In file included from [01m[K/opt/ros/foxy/include/rclcpp/service.hpp:34[m[K,
[2.730s]                  from [01m[K/opt/ros/foxy/include/rclcpp/callback_group.hpp:25[m[K,
[2.730s]                  from [01m[K/opt/ros/foxy/include/rclcpp/any_executable.hpp:20[m[K,
[2.730s]                  from [01m[K/opt/ros/foxy/include/rclcpp/memory_strategy.hpp:24[m[K,
[2.730s]                  from [01m[K/opt/ros/foxy/include/rclcpp/memory_strategies.hpp:18[m[K,
[2.730s]                  from [01m[K/opt/ros/foxy/include/rclcpp/executor_options.hpp:20[m[K,
[2.731s]                  from [01m[K/opt/ros/foxy/include/rclcpp/executor.hpp:33[m[K,
[2.731s]                  from [01m[K/opt/ros/foxy/include/rclcpp/executors/multi_threaded_executor.hpp:26[m[K,
[2.731s]                  from [01m[K/opt/ros/foxy/include/rclcpp/executors.hpp:21[m[K,
[2.731s]                  from [01m[K/opt/ros/foxy/include/rclcpp/rclcpp.hpp:146[m[K,
[2.731s]                  from [01m[K/ws/go2_ws/src/movement/src/gamepad_controller.cpp:5[m[K:
[2.731s] [01m[K/ws/go2_ws/src/movement/src/gamepad_controller.cpp:46:17:[m[K [01;31m[Kerror: [m[Kâ€˜[01m[Kget_logger[m[Kâ€™ was not declared in this scope; did you mean â€˜[01m[Krclcpp::get_logger[m[Kâ€™?
[2.731s]    46 |     RCLCPP_INFO([01;31m[Kget_logger[m[K(), "Current position: %f, %f, %f", currentX_, currentY_, currentYaw_);
[2.731s]       |                 [01;31m[K^~~~~~~~~~[m[K
[2.731s] In file included from [01m[K/opt/ros/foxy/include/rclcpp/logging.hpp:23[m[K,
[2.732s]                  from [01m[K/opt/ros/foxy/include/rclcpp/service.hpp:34[m[K,
[2.732s]                  from [01m[K/opt/ros/foxy/include/rclcpp/callback_group.hpp:25[m[K,
[2.732s]                  from [01m[K/opt/ros/foxy/include/rclcpp/any_executable.hpp:20[m[K,
[2.732s]                  from [01m[K/opt/ros/foxy/include/rclcpp/memory_strategy.hpp:24[m[K,
[2.732s]                  from [01m[K/opt/ros/foxy/include/rclcpp/memory_strategies.hpp:18[m[K,
[2.732s]                  from [01m[K/opt/ros/foxy/include/rclcpp/executor_options.hpp:20[m[K,
[2.732s]                  from [01m[K/opt/ros/foxy/include/rclcpp/executor.hpp:33[m[K,
[2.732s]                  from [01m[K/opt/ros/foxy/include/rclcpp/executors/multi_threaded_executor.hpp:26[m[K,
[2.732s]                  from [01m[K/opt/ros/foxy/include/rclcpp/executors.hpp:21[m[K,
[2.732s]                  from [01m[K/opt/ros/foxy/include/rclcpp/rclcpp.hpp:146[m[K,
[2.733s]                  from [01m[K/ws/go2_ws/src/movement/src/gamepad_controller.cpp:5[m[K:
[2.733s] [01m[K/opt/ros/foxy/include/rclcpp/logger.hpp:80:17:[m[K [01;36m[Knote: [m[Kâ€˜[01m[Krclcpp::get_logger[m[Kâ€™ declared here
[2.733s]    80 |   friend Logger [01;36m[Krclcpp[m[K::get_logger(const std::string & name);
[2.733s]       |                 [01;36m[K^~~~~~[m[K
[2.733s] In file included from [01m[K/opt/ros/foxy/include/rclcpp/service.hpp:34[m[K,
[2.733s]                  from [01m[K/opt/ros/foxy/include/rclcpp/callback_group.hpp:25[m[K,
[2.733s]                  from [01m[K/opt/ros/foxy/include/rclcpp/any_executable.hpp:20[m[K,
[2.733s]                  from [01m[K/opt/ros/foxy/include/rclcpp/memory_strategy.hpp:24[m[K,
[2.734s]                  from [01m[K/opt/ros/foxy/include/rclcpp/memory_strategies.hpp:18[m[K,
[2.734s]                  from [01m[K/opt/ros/foxy/include/rclcpp/executor_options.hpp:20[m[K,
[2.734s]                  from [01m[K/opt/ros/foxy/include/rclcpp/executor.hpp:33[m[K,
[2.734s]                  from [01m[K/opt/ros/foxy/include/rclcpp/executors/multi_threaded_executor.hpp:26[m[K,
[2.734s]                  from [01m[K/opt/ros/foxy/include/rclcpp/executors.hpp:21[m[K,
[2.734s]                  from [01m[K/opt/ros/foxy/include/rclcpp/rclcpp.hpp:146[m[K,
[2.734s]                  from [01m[K/ws/go2_ws/src/movement/src/gamepad_controller.cpp:5[m[K:
[2.734s] [01m[K/ws/go2_ws/src/movement/src/gamepad_controller.cpp:46:5:[m[K [01;31m[Kerror: [m[Ktemplate argument 1 is invalid
[2.735s]    46 |     [01;31m[KRCLCPP_INFO[m[K(get_logger(), "Current position: %f, %f, %f", currentX_, currentY_, currentYaw_);
[2.735s]       |     [01;31m[K^~~~~~~~~~~[m[K
[2.735s] [01m[K/ws/go2_ws/src/movement/src/gamepad_controller.cpp:46:5:[m[K [01;31m[Kerror: [m[Ktemplate argument 1 is invalid
[2.735s]    46 |     [01;31m[KRCLCPP_INFO[m[K(get_logger(), "Current position: %f, %f, %f", currentX_, currentY_, currentYaw_);
[2.735s]       |     [01;31m[K^~~~~~~~~~~[m[K
[2.735s] [01m[K/ws/go2_ws/src/movement/src/gamepad_controller.cpp:46:5:[m[K [01;31m[Kerror: [m[Ktemplate argument 1 is invalid
[2.735s]    46 |     [01;31m[KRCLCPP_INFO[m[K(get_logger(), "Current position: %f, %f, %f", currentX_, currentY_, currentYaw_);
[2.735s]       |     [01;31m[K^~~~~~~~~~~[m[K
[2.735s] [01m[K/ws/go2_ws/src/movement/src/gamepad_controller.cpp:[m[K In function â€˜[01m[Kint main(int, char**)[m[Kâ€™:
[2.736s] [01m[K/ws/go2_ws/src/movement/src/gamepad_controller.cpp:52:35:[m[K [01;31m[Kerror: [m[Kâ€˜[01m[KGamepadControl[m[Kâ€™ was not declared in this scope
[2.736s]    52 |  rclcpp::spin(std::make_shared<[01;31m[KGamepadControl[m[K>());
[2.736s]       |                                [01;31m[K^~~~~~~~~~~~~~[m[K
[2.736s] 
[2.736s] [01m[K/ws/go2_ws/src/movement/src/gamepad_controller.cpp:52:51:[m[K [01;31m[Kerror: [m[Kno matching function for call to â€˜[01m[Kmake_shared<<expression error> >()[m[Kâ€™
[2.736s]    52 | d::make_shared<GamepadControl>([01;31m[K)[m[K);
[2.736s]       |                                [01;31m[K^[m[K
[2.736s] 
[2.737s] In file included from [01m[K/usr/include/c++/9/memory:81[m[K,
[2.737s]                  from [01m[K/opt/ros/foxy/include/rclcpp/rclcpp.hpp:144[m[K,
[2.737s]                  from [01m[K/ws/go2_ws/src/movement/src/gamepad_controller.cpp:5[m[K:
[2.737s] [01m[K/usr/include/c++/9/bits/shared_ptr.h:714:5:[m[K [01;36m[Knote: [m[Kcandidate: â€˜[01m[Ktemplate<class _Tp, class ... _Args> std::shared_ptr<_Tp> std::make_shared(_Args&& ...)[m[Kâ€™
[2.737s]   714 |     [01;36m[Kmake_shared[m[K(_Args&&... __args)
[2.737s]       |     [01;36m[K^~~~~~~~~~~[m[K
[2.737s] [01m[K/usr/include/c++/9/bits/shared_ptr.h:714:5:[m[K [01;36m[Knote: [m[K  template argument deduction/substitution failed:
[2.738s] [01m[K/ws/go2_ws/src/movement/src/gamepad_controller.cpp:52:51:[m[K [01;31m[Kerror: [m[Ktemplate argument 1 is invalid
[2.738s]    52 | d::make_shared<GamepadControl>([01;31m[K)[m[K);
[2.738s]       |                                [01;31m[K^[m[K
[2.738s] 
[3.483s] make[2]: *** [CMakeFiles/gamepad_controller.dir/build.make:63: CMakeFiles/gamepad_controller.dir/src/gamepad_controller.cpp.o] Error 1
[3.483s] make[1]: *** [CMakeFiles/Makefile2:82: CMakeFiles/gamepad_controller.dir/all] Error 2
[3.483s] make: *** [Makefile:141: all] Error 2
[3.502s] Invoked command in '/ws/go2_ws/src/build/movement' returned '2': CMAKE_PREFIX_PATH=${CMAKE_PREFIX_PATH}:/opt/ros/foxy /usr/bin/cmake --build /ws/go2_ws/src/build/movement -- -j8 -l8
